[0.768s] Invoking command in '/home/casper/ros2/my_package': PYTHONPATH=/home/casper/ros2/my_package/build/my_package/prefix_override:/home/casper/ros2/my_package/install/my_package/lib/python3.10/site-packages:${PYTHONPATH} /usr/bin/python3 setup.py egg_info --egg-base build/my_package build --build-base /home/casper/ros2/my_package/build/my_package/build install --record /home/casper/ros2/my_package/build/my_package/install.log --single-version-externally-managed
[1.036s] running egg_info
[1.036s] writing build/my_package/my_package.egg-info/PKG-INFO
[1.037s] writing dependency_links to build/my_package/my_package.egg-info/dependency_links.txt
[1.037s] writing entry points to build/my_package/my_package.egg-info/entry_points.txt
[1.038s] writing requirements to build/my_package/my_package.egg-info/requires.txt
[1.038s] writing top-level names to build/my_package/my_package.egg-info/top_level.txt
[1.040s] reading manifest file 'build/my_package/my_package.egg-info/SOURCES.txt'
[1.042s] writing manifest file 'build/my_package/my_package.egg-info/SOURCES.txt'
[1.042s] running build
[1.042s] running build_py
[1.043s] /usr/lib/python3/dist-packages/setuptools/command/install.py:34: SetuptoolsDeprecationWarning: setup.py install is deprecated. Use build and pip and other standards-based tools.
[1.043s]   warnings.warn(
[1.043s] running install
[1.043s] running install_lib
[1.045s] running install_data
[1.046s] running install_egg_info
[1.048s] removing '/home/casper/ros2/my_package/install/my_package/lib/python3.10/site-packages/my_package-0.0.0-py3.10.egg-info' (and everything under it)
[1.049s] Copying build/my_package/my_package.egg-info to /home/casper/ros2/my_package/install/my_package/lib/python3.10/site-packages/my_package-0.0.0-py3.10.egg-info
[1.052s] running install_scripts
[1.076s] Installing my_robot_driver script to /home/casper/ros2/my_package/install/my_package/lib/my_package
[1.076s] Installing obstacle_avoider script to /home/casper/ros2/my_package/install/my_package/lib/my_package
[1.077s] writing list of installed files to '/home/casper/ros2/my_package/build/my_package/install.log'
[1.128s] Invoked command in '/home/casper/ros2/my_package' returned '0': PYTHONPATH=/home/casper/ros2/my_package/build/my_package/prefix_override:/home/casper/ros2/my_package/install/my_package/lib/python3.10/site-packages:${PYTHONPATH} /usr/bin/python3 setup.py egg_info --egg-base build/my_package build --build-base /home/casper/ros2/my_package/build/my_package/build install --record /home/casper/ros2/my_package/build/my_package/install.log --single-version-externally-managed
