[3.834s] DEBUG:colcon:Command line arguments: ['/usr/bin/colcon', 'build']
[3.835s] DEBUG:colcon:Parsed command line arguments: Namespace(log_base=None, log_level=None, verb_name='build', build_base='build', install_base='install', merge_install=False, symlink_install=False, test_result_base=None, continue_on_error=False, executor='parallel', parallel_workers=8, event_handlers=None, ignore_user_meta=False, metas=['./colcon.meta'], base_paths=['.'], packages_ignore=None, packages_ignore_regex=None, paths=None, packages_up_to=None, packages_up_to_regex=None, packages_above=None, packages_above_and_dependencies=None, packages_above_depth=None, packages_select_by_dep=None, packages_skip_by_dep=None, packages_skip_up_to=None, packages_select_build_failed=False, packages_skip_build_finished=False, packages_select_test_failures=False, packages_skip_test_passed=False, packages_select=None, packages_skip=None, packages_select_regex=None, packages_skip_regex=None, packages_start=None, packages_end=None, allow_overriding=[], cmake_args=None, cmake_target=None, cmake_target_skip_unavailable=False, cmake_clean_cache=False, cmake_clean_first=False, cmake_force_configure=False, ament_cmake_args=None, catkin_cmake_args=None, catkin_skip_building_tests=False, verb_parser=<colcon_defaults.argument_parser.defaults.DefaultArgumentsDecorator object at 0x7faf81fdbac0>, verb_extension=<colcon_core.verb.build.BuildVerb object at 0x7faf829bbc40>, main=<bound method BuildVerb.main of <colcon_core.verb.build.BuildVerb object at 0x7faf829bbc40>>)
[3.948s] Level 1:colcon.colcon_core.package_discovery:discover_packages(colcon_meta) check parameters
[3.949s] Level 1:colcon.colcon_core.package_discovery:discover_packages(recursive) check parameters
[3.949s] Level 1:colcon.colcon_core.package_discovery:discover_packages(ignore) check parameters
[3.949s] Level 1:colcon.colcon_core.package_discovery:discover_packages(path) check parameters
[3.949s] Level 1:colcon.colcon_core.package_discovery:discover_packages(colcon_meta) discover
[3.949s] Level 1:colcon.colcon_core.package_discovery:discover_packages(recursive) discover
[3.949s] INFO:colcon.colcon_core.package_discovery:Crawling recursively for packages in '/home/casper/ros2/my_package'
[3.949s] Level 1:colcon.colcon_core.package_identification:_identify(.) by extensions ['ignore', 'ignore_ament_install']
[3.949s] Level 1:colcon.colcon_core.package_identification:_identify(.) by extension 'ignore'
[3.950s] Level 1:colcon.colcon_core.package_identification:_identify(.) by extension 'ignore_ament_install'
[3.950s] Level 1:colcon.colcon_core.package_identification:_identify(.) by extensions ['colcon_pkg']
[3.950s] Level 1:colcon.colcon_core.package_identification:_identify(.) by extension 'colcon_pkg'
[3.950s] Level 1:colcon.colcon_core.package_identification:_identify(.) by extensions ['colcon_meta']
[3.950s] Level 1:colcon.colcon_core.package_identification:_identify(.) by extension 'colcon_meta'
[3.950s] Level 1:colcon.colcon_core.package_identification:_identify(.) by extensions ['ros']
[3.950s] Level 1:colcon.colcon_core.package_identification:_identify(.) by extension 'ros'
[3.987s] DEBUG:colcon.colcon_core.package_identification:Package '.' with type 'ros.ament_python' and name 'my_package'
[3.987s] Level 1:colcon.colcon_core.package_discovery:discover_packages(recursive) using defaults
[3.988s] Level 1:colcon.colcon_core.package_discovery:discover_packages(ignore) discover
[3.988s] Level 1:colcon.colcon_core.package_discovery:discover_packages(ignore) using defaults
[3.988s] Level 1:colcon.colcon_core.package_discovery:discover_packages(path) discover
[3.988s] Level 1:colcon.colcon_core.package_discovery:discover_packages(path) using defaults
[4.063s] Level 1:colcon.colcon_core.package_discovery:discover_packages(prefix_path) check parameters
[4.063s] Level 1:colcon.colcon_core.package_discovery:discover_packages(prefix_path) discover
[4.070s] DEBUG:colcon.colcon_installed_package_information.package_discovery:Found 1 installed packages in /home/casper/ros2/my_package/install
[4.070s] Level 1:colcon.colcon_core.package_discovery:discover_packages(prefix_path) using defaults
[4.074s] Level 5:colcon.colcon_core.verb:set package 'my_package' build argument 'cmake_args' from command line to 'None'
[4.075s] Level 5:colcon.colcon_core.verb:set package 'my_package' build argument 'cmake_target' from command line to 'None'
[4.076s] Level 5:colcon.colcon_core.verb:set package 'my_package' build argument 'cmake_target_skip_unavailable' from command line to 'False'
[4.076s] Level 5:colcon.colcon_core.verb:set package 'my_package' build argument 'cmake_clean_cache' from command line to 'False'
[4.076s] Level 5:colcon.colcon_core.verb:set package 'my_package' build argument 'cmake_clean_first' from command line to 'False'
[4.076s] Level 5:colcon.colcon_core.verb:set package 'my_package' build argument 'cmake_force_configure' from command line to 'False'
[4.076s] Level 5:colcon.colcon_core.verb:set package 'my_package' build argument 'ament_cmake_args' from command line to 'None'
[4.076s] Level 5:colcon.colcon_core.verb:set package 'my_package' build argument 'catkin_cmake_args' from command line to 'None'
[4.077s] Level 5:colcon.colcon_core.verb:set package 'my_package' build argument 'catkin_skip_building_tests' from command line to 'False'
[4.077s] DEBUG:colcon.colcon_core.verb:Building package 'my_package' with the following arguments: {'ament_cmake_args': None, 'build_base': '/home/casper/ros2/my_package/build/my_package', 'catkin_cmake_args': None, 'catkin_skip_building_tests': False, 'cmake_args': None, 'cmake_clean_cache': False, 'cmake_clean_first': False, 'cmake_force_configure': False, 'cmake_target': None, 'cmake_target_skip_unavailable': False, 'install_base': '/home/casper/ros2/my_package/install/my_package', 'merge_install': False, 'path': '/home/casper/ros2/my_package', 'symlink_install': False, 'test_result_base': None}
[4.080s] INFO:colcon.colcon_core.executor:Executing jobs using 'parallel' executor
[4.088s] DEBUG:colcon.colcon_parallel_executor.executor.parallel:run_until_complete
[4.089s] INFO:colcon.colcon_ros.task.ament_python.build:Building ROS package in '/home/casper/ros2/my_package' with build type 'ament_python'
[4.090s] Level 1:colcon.colcon_core.shell:create_environment_hook('my_package', 'ament_prefix_path')
[4.104s] INFO:colcon.colcon_core.plugin_system:Skipping extension 'colcon_core.shell.bat': Not used on non-Windows systems
[4.105s] INFO:colcon.colcon_core.shell:Creating environment hook '/home/casper/ros2/my_package/install/my_package/share/my_package/hook/ament_prefix_path.ps1'
[4.107s] INFO:colcon.colcon_core.shell:Creating environment descriptor '/home/casper/ros2/my_package/install/my_package/share/my_package/hook/ament_prefix_path.dsv'
[4.110s] INFO:colcon.colcon_core.shell:Creating environment hook '/home/casper/ros2/my_package/install/my_package/share/my_package/hook/ament_prefix_path.sh'
[4.116s] INFO:colcon.colcon_core.shell:Skip shell extension 'powershell' for command environment: Not usable outside of PowerShell
[4.116s] DEBUG:colcon.colcon_core.shell:Skip shell extension 'dsv' for command environment
[4.734s] INFO:colcon.colcon_core.task.python.build:Building Python package in '/home/casper/ros2/my_package'
[4.737s] INFO:colcon.colcon_core.shell:Skip shell extension 'powershell' for command environment: Not usable outside of PowerShell
[4.738s] DEBUG:colcon.colcon_core.shell:Skip shell extension 'dsv' for command environment
[5.423s] DEBUG:colcon.colcon_core.event_handler.log_command:Invoking command in '/home/casper/ros2/my_package': PYTHONPATH=/home/casper/ros2/my_package/build/my_package/prefix_override:/home/casper/ros2/my_package/install/my_package/lib/python3.10/site-packages:${PYTHONPATH} WSLENV=ELECTRON_RUN_AS_NODE/w:WT_SESSION::WT_PROFILE_ID /usr/bin/python3 setup.py egg_info --egg-base build/my_package build --build-base /home/casper/ros2/my_package/build/my_package/build install --record /home/casper/ros2/my_package/build/my_package/install.log --single-version-externally-managed
[5.896s] DEBUG:colcon.colcon_core.event_handler.log_command:Invoked command in '/home/casper/ros2/my_package' returned '0': PYTHONPATH=/home/casper/ros2/my_package/build/my_package/prefix_override:/home/casper/ros2/my_package/install/my_package/lib/python3.10/site-packages:${PYTHONPATH} WSLENV=ELECTRON_RUN_AS_NODE/w:WT_SESSION::WT_PROFILE_ID /usr/bin/python3 setup.py egg_info --egg-base build/my_package build --build-base /home/casper/ros2/my_package/build/my_package/build install --record /home/casper/ros2/my_package/build/my_package/install.log --single-version-externally-managed
[5.909s] Level 1:colcon.colcon_core.environment:checking '/home/casper/ros2/my_package/install/my_package' for CMake module files
[5.911s] Level 1:colcon.colcon_core.environment:checking '/home/casper/ros2/my_package/install/my_package' for CMake config files
[5.916s] Level 1:colcon.colcon_core.environment:checking '/home/casper/ros2/my_package/install/my_package/lib'
[5.917s] Level 1:colcon.colcon_core.environment:checking '/home/casper/ros2/my_package/install/my_package/bin'
[5.917s] Level 1:colcon.colcon_core.environment:checking '/home/casper/ros2/my_package/install/my_package/lib/pkgconfig/my_package.pc'
[5.918s] Level 1:colcon.colcon_core.environment:checking '/home/casper/ros2/my_package/install/my_package/lib/python3.10/site-packages'
[5.918s] Level 1:colcon.colcon_core.shell:create_environment_hook('my_package', 'pythonpath')
[5.921s] INFO:colcon.colcon_core.shell:Creating environment hook '/home/casper/ros2/my_package/install/my_package/share/my_package/hook/pythonpath.ps1'
[5.922s] INFO:colcon.colcon_core.shell:Creating environment descriptor '/home/casper/ros2/my_package/install/my_package/share/my_package/hook/pythonpath.dsv'
[5.923s] INFO:colcon.colcon_core.shell:Creating environment hook '/home/casper/ros2/my_package/install/my_package/share/my_package/hook/pythonpath.sh'
[5.923s] Level 1:colcon.colcon_core.environment:checking '/home/casper/ros2/my_package/install/my_package/bin'
[5.924s] Level 1:colcon.colcon_core.environment:create_environment_scripts_only(my_package)
[5.928s] INFO:colcon.colcon_core.shell:Creating package script '/home/casper/ros2/my_package/install/my_package/share/my_package/package.ps1'
[5.934s] INFO:colcon.colcon_core.shell:Creating package descriptor '/home/casper/ros2/my_package/install/my_package/share/my_package/package.dsv'
[5.935s] INFO:colcon.colcon_core.shell:Creating package script '/home/casper/ros2/my_package/install/my_package/share/my_package/package.sh'
[5.936s] INFO:colcon.colcon_core.shell:Creating package script '/home/casper/ros2/my_package/install/my_package/share/my_package/package.bash'
[5.937s] INFO:colcon.colcon_core.shell:Creating package script '/home/casper/ros2/my_package/install/my_package/share/my_package/package.zsh'
[5.938s] Level 1:colcon.colcon_core.environment:create_file_with_runtime_dependencies(/home/casper/ros2/my_package/install/my_package/share/colcon-core/packages/my_package)
[5.939s] DEBUG:colcon.colcon_parallel_executor.executor.parallel:closing loop
[5.940s] DEBUG:colcon.colcon_parallel_executor.executor.parallel:loop closed
[5.940s] DEBUG:colcon.colcon_parallel_executor.executor.parallel:run_until_complete finished with '0'
[5.941s] DEBUG:colcon.colcon_core.event_reactor:joining thread
[6.238s] INFO:colcon.colcon_core.plugin_system:Skipping extension 'colcon_notification.desktop_notification.notify_send': Could not find 'notify-send'
[6.239s] INFO:colcon.colcon_core.plugin_system:Skipping extension 'colcon_notification.desktop_notification.terminal_notifier': Not used on non-Darwin systems
[6.239s] INFO:colcon.colcon_core.plugin_system:Skipping extension 'colcon_notification.desktop_notification.win32': Not used on non-Windows systems
[6.239s] INFO:colcon.colcon_notification.desktop_notification:Sending desktop notification using 'notify2'
[6.245s] DEBUG:colcon.colcon_notification.desktop_notification.notify2:Failed to initialize notify2: org.freedesktop.DBus.Error.ServiceUnknown: The name org.freedesktop.Notifications was not provided by any .service files
[6.245s] DEBUG:colcon.colcon_core.event_reactor:joined thread
[6.249s] INFO:colcon.colcon_core.shell:Creating prefix script '/home/casper/ros2/my_package/install/local_setup.ps1'
[6.252s] INFO:colcon.colcon_core.shell:Creating prefix util module '/home/casper/ros2/my_package/install/_local_setup_util_ps1.py'
[6.260s] INFO:colcon.colcon_core.shell:Creating prefix chain script '/home/casper/ros2/my_package/install/setup.ps1'
[6.263s] INFO:colcon.colcon_core.shell:Creating prefix script '/home/casper/ros2/my_package/install/local_setup.sh'
[6.264s] INFO:colcon.colcon_core.shell:Creating prefix util module '/home/casper/ros2/my_package/install/_local_setup_util_sh.py'
[6.291s] INFO:colcon.colcon_core.shell:Creating prefix chain script '/home/casper/ros2/my_package/install/setup.sh'
[6.295s] INFO:colcon.colcon_core.shell:Creating prefix script '/home/casper/ros2/my_package/install/local_setup.bash'
[6.296s] INFO:colcon.colcon_core.shell:Creating prefix chain script '/home/casper/ros2/my_package/install/setup.bash'
[6.300s] INFO:colcon.colcon_core.shell:Creating prefix script '/home/casper/ros2/my_package/install/local_setup.zsh'
[6.303s] INFO:colcon.colcon_core.shell:Creating prefix chain script '/home/casper/ros2/my_package/install/setup.zsh'
