[0.660s] Invoking command in '/home/casper/ros2/my_package': PYTHONPATH=/home/casper/ros2/my_package/build/my_package/prefix_override:/home/casper/ros2/my_package/install/my_package/lib/python3.10/site-packages:${PYTHONPATH} /usr/bin/python3 setup.py egg_info --egg-base build/my_package build --build-base /home/casper/ros2/my_package/build/my_package/build install --record /home/casper/ros2/my_package/build/my_package/install.log --single-version-externally-managed
[0.923s] running egg_info
[0.924s] creating build/my_package/my_package.egg-info
[0.924s] writing build/my_package/my_package.egg-info/PKG-INFO
[0.925s] writing dependency_links to build/my_package/my_package.egg-info/dependency_links.txt
[0.925s] writing entry points to build/my_package/my_package.egg-info/entry_points.txt
[0.926s] writing requirements to build/my_package/my_package.egg-info/requires.txt
[0.926s] writing top-level names to build/my_package/my_package.egg-info/top_level.txt
[0.926s] writing manifest file 'build/my_package/my_package.egg-info/SOURCES.txt'
[0.929s] reading manifest file 'build/my_package/my_package.egg-info/SOURCES.txt'
[0.930s] writing manifest file 'build/my_package/my_package.egg-info/SOURCES.txt'
[0.930s] running build
[0.930s] running build_py
[0.931s] creating /home/casper/ros2/my_package/build/my_package/build
[0.931s] creating /home/casper/ros2/my_package/build/my_package/build/lib
[0.931s] creating /home/casper/ros2/my_package/build/my_package/build/lib/my_package
[0.932s] copying my_package/__init__.py -> /home/casper/ros2/my_package/build/my_package/build/lib/my_package
[0.932s] copying my_package/my_robot_driver.py -> /home/casper/ros2/my_package/build/my_package/build/lib/my_package
[0.932s] running install
[0.933s] /usr/lib/python3/dist-packages/setuptools/command/install.py:34: SetuptoolsDeprecationWarning: setup.py install is deprecated. Use build and pip and other standards-based tools.
[0.934s]   warnings.warn(
[0.934s] running install_lib
[0.935s] creating /home/casper/ros2/my_package/install/my_package/lib/python3.10/site-packages/my_package
[0.935s] copying /home/casper/ros2/my_package/build/my_package/build/lib/my_package/__init__.py -> /home/casper/ros2/my_package/install/my_package/lib/python3.10/site-packages/my_package
[0.936s] copying /home/casper/ros2/my_package/build/my_package/build/lib/my_package/my_robot_driver.py -> /home/casper/ros2/my_package/install/my_package/lib/python3.10/site-packages/my_package
[0.936s] byte-compiling /home/casper/ros2/my_package/install/my_package/lib/python3.10/site-packages/my_package/__init__.py to __init__.cpython-310.pyc
[0.937s] byte-compiling /home/casper/ros2/my_package/install/my_package/lib/python3.10/site-packages/my_package/my_robot_driver.py to my_robot_driver.cpython-310.pyc
[0.937s] running install_data
[0.938s] creating /home/casper/ros2/my_package/install/my_package/share/ament_index
[0.938s] creating /home/casper/ros2/my_package/install/my_package/share/ament_index/resource_index
[0.938s] creating /home/casper/ros2/my_package/install/my_package/share/ament_index/resource_index/packages
[0.938s] copying resource/my_package -> /home/casper/ros2/my_package/install/my_package/share/ament_index/resource_index/packages
[0.939s] creating /home/casper/ros2/my_package/install/my_package/share/my_package/launch
[0.939s] copying launch/robot_launch.py -> /home/casper/ros2/my_package/install/my_package/share/my_package/launch
[0.939s] creating /home/casper/ros2/my_package/install/my_package/share/my_package/worlds
[0.940s] copying worlds/my_world.wbt -> /home/casper/ros2/my_package/install/my_package/share/my_package/worlds
[0.940s] creating /home/casper/ros2/my_package/install/my_package/share/my_package/resource
[0.940s] copying resource/my_robot.urdf -> /home/casper/ros2/my_package/install/my_package/share/my_package/resource
[0.940s] copying package.xml -> /home/casper/ros2/my_package/install/my_package/share/my_package
[0.940s] running install_egg_info
[0.942s] Copying build/my_package/my_package.egg-info to /home/casper/ros2/my_package/install/my_package/lib/python3.10/site-packages/my_package-0.0.0-py3.10.egg-info
[0.943s] running install_scripts
[0.963s] Installing my_robot_driver script to /home/casper/ros2/my_package/install/my_package/lib/my_package
[0.963s] writing list of installed files to '/home/casper/ros2/my_package/build/my_package/install.log'
[0.994s] Invoked command in '/home/casper/ros2/my_package' returned '0': PYTHONPATH=/home/casper/ros2/my_package/build/my_package/prefix_override:/home/casper/ros2/my_package/install/my_package/lib/python3.10/site-packages:${PYTHONPATH} /usr/bin/python3 setup.py egg_info --egg-base build/my_package build --build-base /home/casper/ros2/my_package/build/my_package/build install --record /home/casper/ros2/my_package/build/my_package/install.log --single-version-externally-managed
