[0.478s] Invoking command in '/home/casper/ros2/my_package': PYTHONPATH=/home/casper/ros2/my_package/build/my_package/prefix_override:/home/casper/ros2/my_package/install/my_package/lib/python3.10/site-packages:${PYTHONPATH} WSLENV=ELECTRON_RUN_AS_NODE/w:WT_SESSION::WT_PROFILE_ID /usr/bin/python3 setup.py egg_info --egg-base build/my_package build --build-base /home/casper/ros2/my_package/build/my_package/build install --record /home/casper/ros2/my_package/build/my_package/install.log --single-version-externally-managed
[0.659s] running egg_info
[0.660s] writing build/my_package/my_package.egg-info/PKG-INFO
[0.660s] writing dependency_links to build/my_package/my_package.egg-info/dependency_links.txt
[0.661s] writing entry points to build/my_package/my_package.egg-info/entry_points.txt
[0.661s] writing requirements to build/my_package/my_package.egg-info/requires.txt
[0.661s] writing top-level names to build/my_package/my_package.egg-info/top_level.txt
[0.664s] reading manifest file 'build/my_package/my_package.egg-info/SOURCES.txt'
[0.665s] writing manifest file 'build/my_package/my_package.egg-info/SOURCES.txt'
[0.665s] running build
[0.665s] running build_py
[0.665s] copying my_package/my_camera_driver.py -> /home/casper/ros2/my_package/build/my_package/build/lib/my_package
[0.666s] running install
[0.666s] /usr/lib/python3/dist-packages/setuptools/command/install.py:34: SetuptoolsDeprecationWarning: setup.py install is deprecated. Use build and pip and other standards-based tools.
[0.666s]   warnings.warn(
[0.666s] running install_lib
[0.667s] copying /home/casper/ros2/my_package/build/my_package/build/lib/my_package/my_camera_driver.py -> /home/casper/ros2/my_package/install/my_package/lib/python3.10/site-packages/my_package
[0.667s] byte-compiling /home/casper/ros2/my_package/install/my_package/lib/python3.10/site-packages/my_package/my_camera_driver.py to my_camera_driver.cpython-310.pyc
[0.668s] running install_data
[0.669s] copying launch/crazy_launch.py -> /home/casper/ros2/my_package/install/my_package/share/my_package/launch
[0.669s] copying worlds/crazyflie_world.wbt -> /home/casper/ros2/my_package/install/my_package/share/my_package/worlds
[0.669s] copying resource/my_camera.urdf -> /home/casper/ros2/my_package/install/my_package/share/my_package/resource
[0.669s] running install_egg_info
[0.672s] removing '/home/casper/ros2/my_package/install/my_package/lib/python3.10/site-packages/my_package-0.0.0-py3.10.egg-info' (and everything under it)
[0.672s] Copying build/my_package/my_package.egg-info to /home/casper/ros2/my_package/install/my_package/lib/python3.10/site-packages/my_package-0.0.0-py3.10.egg-info
[0.673s] running install_scripts
[0.693s] Installing my_crazy_driver script to /home/casper/ros2/my_package/install/my_package/lib/my_package
[0.694s] Installing my_robot_driver script to /home/casper/ros2/my_package/install/my_package/lib/my_package
[0.694s] Installing obstacle_avoider script to /home/casper/ros2/my_package/install/my_package/lib/my_package
[0.694s] writing list of installed files to '/home/casper/ros2/my_package/build/my_package/install.log'
[0.733s] Invoked command in '/home/casper/ros2/my_package' returned '0': PYTHONPATH=/home/casper/ros2/my_package/build/my_package/prefix_override:/home/casper/ros2/my_package/install/my_package/lib/python3.10/site-packages:${PYTHONPATH} WSLENV=ELECTRON_RUN_AS_NODE/w:WT_SESSION::WT_PROFILE_ID /usr/bin/python3 setup.py egg_info --egg-base build/my_package build --build-base /home/casper/ros2/my_package/build/my_package/build install --record /home/casper/ros2/my_package/build/my_package/install.log --single-version-externally-managed
