[0.572s] Invoking command in '/home/casper/ros2/my_package': PYTHONPATH=/home/casper/ros2/my_package/build/my_package/prefix_override:/home/casper/ros2/my_package/install/my_package/lib/python3.10/site-packages:${PYTHONPATH} WSLENV=ELECTRON_RUN_AS_NODE/w:WT_SESSION::WT_PROFILE_ID /usr/bin/python3 setup.py egg_info --egg-base build/my_package build --build-base /home/casper/ros2/my_package/build/my_package/build install --record /home/casper/ros2/my_package/build/my_package/install.log --single-version-externally-managed
[0.788s] running egg_info
[0.789s] writing build/my_package/my_package.egg-info/PKG-INFO
[0.789s] writing dependency_links to build/my_package/my_package.egg-info/dependency_links.txt
[0.789s] writing entry points to build/my_package/my_package.egg-info/entry_points.txt
[0.789s] writing requirements to build/my_package/my_package.egg-info/requires.txt
[0.789s] writing top-level names to build/my_package/my_package.egg-info/top_level.txt
[0.792s] reading manifest file 'build/my_package/my_package.egg-info/SOURCES.txt'
[0.793s] writing manifest file 'build/my_package/my_package.egg-info/SOURCES.txt'
[0.794s] running build
[0.794s] running build_py
[0.794s] running install
[0.795s] /usr/lib/python3/dist-packages/setuptools/command/install.py:34: SetuptoolsDeprecationWarning: setup.py install is deprecated. Use build and pip and other standards-based tools.
[0.795s]   warnings.warn(
[0.795s] running install_lib
[0.796s] running install_data
[0.797s] running install_egg_info
[0.798s] removing '/home/casper/ros2/my_package/install/my_package/lib/python3.10/site-packages/my_package-0.0.0-py3.10.egg-info' (and everything under it)
[0.799s] Copying build/my_package/my_package.egg-info to /home/casper/ros2/my_package/install/my_package/lib/python3.10/site-packages/my_package-0.0.0-py3.10.egg-info
[0.799s] running install_scripts
[0.822s] Installing my_crazy_driver script to /home/casper/ros2/my_package/install/my_package/lib/my_package
[0.822s] Installing my_robot_driver script to /home/casper/ros2/my_package/install/my_package/lib/my_package
[0.822s] Installing obstacle_avoider script to /home/casper/ros2/my_package/install/my_package/lib/my_package
[0.822s] writing list of installed files to '/home/casper/ros2/my_package/build/my_package/install.log'
[0.854s] Invoked command in '/home/casper/ros2/my_package' returned '0': PYTHONPATH=/home/casper/ros2/my_package/build/my_package/prefix_override:/home/casper/ros2/my_package/install/my_package/lib/python3.10/site-packages:${PYTHONPATH} WSLENV=ELECTRON_RUN_AS_NODE/w:WT_SESSION::WT_PROFILE_ID /usr/bin/python3 setup.py egg_info --egg-base build/my_package build --build-base /home/casper/ros2/my_package/build/my_package/build install --record /home/casper/ros2/my_package/build/my_package/install.log --single-version-externally-managed
