[0.457s] DEBUG:colcon:Command line arguments: ['/usr/bin/colcon', 'build']
[0.457s] DEBUG:colcon:Parsed command line arguments: Namespace(log_base=None, log_level=None, verb_name='build', build_base='build', install_base='install', merge_install=False, symlink_install=False, test_result_base=None, continue_on_error=False, executor='parallel', parallel_workers=8, event_handlers=None, ignore_user_meta=False, metas=['./colcon.meta'], base_paths=['.'], packages_ignore=None, packages_ignore_regex=None, paths=None, packages_up_to=None, packages_up_to_regex=None, packages_above=None, packages_above_and_dependencies=None, packages_above_depth=None, packages_select_by_dep=None, packages_skip_by_dep=None, packages_skip_up_to=None, packages_select_build_failed=False, packages_skip_build_finished=False, packages_select_test_failures=False, packages_skip_test_passed=False, packages_select=None, packages_skip=None, packages_select_regex=None, packages_skip_regex=None, packages_start=None, packages_end=None, allow_overriding=[], cmake_args=None, cmake_target=None, cmake_target_skip_unavailable=False, cmake_clean_cache=False, cmake_clean_first=False, cmake_force_configure=False, ament_cmake_args=None, catkin_cmake_args=None, catkin_skip_building_tests=False, verb_parser=<colcon_defaults.argument_parser.defaults.DefaultArgumentsDecorator object at 0x7fb4248c2530>, verb_extension=<colcon_core.verb.build.BuildVerb object at 0x7fb4250b6e60>, main=<bound method BuildVerb.main of <colcon_core.verb.build.BuildVerb object at 0x7fb4250b6e60>>)
[0.485s] Level 1:colcon.colcon_core.package_discovery:discover_packages(colcon_meta) check parameters
[0.486s] Level 1:colcon.colcon_core.package_discovery:discover_packages(recursive) check parameters
[0.486s] Level 1:colcon.colcon_core.package_discovery:discover_packages(ignore) check parameters
[0.486s] Level 1:colcon.colcon_core.package_discovery:discover_packages(path) check parameters
[0.486s] Level 1:colcon.colcon_core.package_discovery:discover_packages(colcon_meta) discover
[0.486s] Level 1:colcon.colcon_core.package_discovery:discover_packages(recursive) discover
[0.486s] INFO:colcon.colcon_core.package_discovery:Crawling recursively for packages in '/home/casper/ros2/my_package'
[0.486s] Level 1:colcon.colcon_core.package_identification:_identify(.) by extensions ['ignore', 'ignore_ament_install']
[0.486s] Level 1:colcon.colcon_core.package_identification:_identify(.) by extension 'ignore'
[0.486s] Level 1:colcon.colcon_core.package_identification:_identify(.) by extension 'ignore_ament_install'
[0.486s] Level 1:colcon.colcon_core.package_identification:_identify(.) by extensions ['colcon_pkg']
[0.486s] Level 1:colcon.colcon_core.package_identification:_identify(.) by extension 'colcon_pkg'
[0.486s] Level 1:colcon.colcon_core.package_identification:_identify(.) by extensions ['colcon_meta']
[0.486s] Level 1:colcon.colcon_core.package_identification:_identify(.) by extension 'colcon_meta'
[0.486s] Level 1:colcon.colcon_core.package_identification:_identify(.) by extensions ['ros']
[0.486s] Level 1:colcon.colcon_core.package_identification:_identify(.) by extension 'ros'
[0.499s] DEBUG:colcon.colcon_core.package_identification:Package '.' with type 'ros.ament_python' and name 'my_package'
[0.499s] Level 1:colcon.colcon_core.package_discovery:discover_packages(recursive) using defaults
[0.499s] Level 1:colcon.colcon_core.package_discovery:discover_packages(ignore) discover
[0.499s] Level 1:colcon.colcon_core.package_discovery:discover_packages(ignore) using defaults
[0.499s] Level 1:colcon.colcon_core.package_discovery:discover_packages(path) discover
[0.499s] Level 1:colcon.colcon_core.package_discovery:discover_packages(path) using defaults
[0.518s] Level 1:colcon.colcon_core.package_discovery:discover_packages(prefix_path) check parameters
[0.519s] Level 1:colcon.colcon_core.package_discovery:discover_packages(prefix_path) discover
[0.522s] DEBUG:colcon.colcon_installed_package_information.package_discovery:Found 1 installed packages in /home/casper/ros2/my_package/install
[0.523s] DEBUG:colcon.colcon_installed_package_information.package_discovery:Found 275 installed packages in /opt/ros/humble
[0.524s] Level 1:colcon.colcon_core.package_discovery:discover_packages(prefix_path) using defaults
[0.575s] Level 5:colcon.colcon_core.verb:set package 'my_package' build argument 'cmake_args' from command line to 'None'
[0.575s] Level 5:colcon.colcon_core.verb:set package 'my_package' build argument 'cmake_target' from command line to 'None'
[0.575s] Level 5:colcon.colcon_core.verb:set package 'my_package' build argument 'cmake_target_skip_unavailable' from command line to 'False'
[0.575s] Level 5:colcon.colcon_core.verb:set package 'my_package' build argument 'cmake_clean_cache' from command line to 'False'
[0.575s] Level 5:colcon.colcon_core.verb:set package 'my_package' build argument 'cmake_clean_first' from command line to 'False'
[0.575s] Level 5:colcon.colcon_core.verb:set package 'my_package' build argument 'cmake_force_configure' from command line to 'False'
[0.575s] Level 5:colcon.colcon_core.verb:set package 'my_package' build argument 'ament_cmake_args' from command line to 'None'
[0.575s] Level 5:colcon.colcon_core.verb:set package 'my_package' build argument 'catkin_cmake_args' from command line to 'None'
[0.575s] Level 5:colcon.colcon_core.verb:set package 'my_package' build argument 'catkin_skip_building_tests' from command line to 'False'
[0.575s] DEBUG:colcon.colcon_core.verb:Building package 'my_package' with the following arguments: {'ament_cmake_args': None, 'build_base': '/home/casper/ros2/my_package/build/my_package', 'catkin_cmake_args': None, 'catkin_skip_building_tests': False, 'cmake_args': None, 'cmake_clean_cache': False, 'cmake_clean_first': False, 'cmake_force_configure': False, 'cmake_target': None, 'cmake_target_skip_unavailable': False, 'install_base': '/home/casper/ros2/my_package/install/my_package', 'merge_install': False, 'path': '/home/casper/ros2/my_package', 'symlink_install': False, 'test_result_base': None}
[0.576s] INFO:colcon.colcon_core.executor:Executing jobs using 'parallel' executor
[0.580s] DEBUG:colcon.colcon_parallel_executor.executor.parallel:run_until_complete
[0.581s] INFO:colcon.colcon_ros.task.ament_python.build:Building ROS package in '/home/casper/ros2/my_package' with build type 'ament_python'
[0.581s] Level 1:colcon.colcon_core.shell:create_environment_hook('my_package', 'ament_prefix_path')
[0.585s] INFO:colcon.colcon_core.plugin_system:Skipping extension 'colcon_core.shell.bat': Not used on non-Windows systems
[0.586s] INFO:colcon.colcon_core.shell:Creating environment hook '/home/casper/ros2/my_package/install/my_package/share/my_package/hook/ament_prefix_path.ps1'
[0.586s] INFO:colcon.colcon_core.shell:Creating environment descriptor '/home/casper/ros2/my_package/install/my_package/share/my_package/hook/ament_prefix_path.dsv'
[0.587s] INFO:colcon.colcon_core.shell:Creating environment hook '/home/casper/ros2/my_package/install/my_package/share/my_package/hook/ament_prefix_path.sh'
[0.589s] INFO:colcon.colcon_core.shell:Skip shell extension 'powershell' for command environment: Not usable outside of PowerShell
[0.589s] DEBUG:colcon.colcon_core.shell:Skip shell extension 'dsv' for command environment
[0.807s] INFO:colcon.colcon_core.task.python.build:Building Python package in '/home/casper/ros2/my_package'
[0.809s] INFO:colcon.colcon_core.shell:Skip shell extension 'powershell' for command environment: Not usable outside of PowerShell
[0.809s] DEBUG:colcon.colcon_core.shell:Skip shell extension 'dsv' for command environment
[1.102s] DEBUG:colcon.colcon_core.event_handler.log_command:Invoking command in '/home/casper/ros2/my_package': PYTHONPATH=/home/casper/ros2/my_package/build/my_package/prefix_override:/home/casper/ros2/my_package/install/my_package/lib/python3.10/site-packages:${PYTHONPATH} /usr/bin/python3 setup.py egg_info --egg-base build/my_package build --build-base /home/casper/ros2/my_package/build/my_package/build install --record /home/casper/ros2/my_package/build/my_package/install.log --single-version-externally-managed
[1.362s] DEBUG:colcon.colcon_core.event_handler.log_command:Invoked command in '/home/casper/ros2/my_package' returned '0': PYTHONPATH=/home/casper/ros2/my_package/build/my_package/prefix_override:/home/casper/ros2/my_package/install/my_package/lib/python3.10/site-packages:${PYTHONPATH} /usr/bin/python3 setup.py egg_info --egg-base build/my_package build --build-base /home/casper/ros2/my_package/build/my_package/build install --record /home/casper/ros2/my_package/build/my_package/install.log --single-version-externally-managed
[1.366s] Level 1:colcon.colcon_core.environment:checking '/home/casper/ros2/my_package/install/my_package' for CMake module files
[1.366s] Level 1:colcon.colcon_core.environment:checking '/home/casper/ros2/my_package/install/my_package' for CMake config files
[1.367s] Level 1:colcon.colcon_core.environment:checking '/home/casper/ros2/my_package/install/my_package/lib'
[1.367s] Level 1:colcon.colcon_core.environment:checking '/home/casper/ros2/my_package/install/my_package/bin'
[1.367s] Level 1:colcon.colcon_core.environment:checking '/home/casper/ros2/my_package/install/my_package/lib/pkgconfig/my_package.pc'
[1.367s] Level 1:colcon.colcon_core.environment:checking '/home/casper/ros2/my_package/install/my_package/lib/python3.10/site-packages'
[1.367s] Level 1:colcon.colcon_core.shell:create_environment_hook('my_package', 'pythonpath')
[1.368s] INFO:colcon.colcon_core.shell:Creating environment hook '/home/casper/ros2/my_package/install/my_package/share/my_package/hook/pythonpath.ps1'
[1.369s] INFO:colcon.colcon_core.shell:Creating environment descriptor '/home/casper/ros2/my_package/install/my_package/share/my_package/hook/pythonpath.dsv'
[1.369s] INFO:colcon.colcon_core.shell:Creating environment hook '/home/casper/ros2/my_package/install/my_package/share/my_package/hook/pythonpath.sh'
[1.370s] Level 1:colcon.colcon_core.environment:checking '/home/casper/ros2/my_package/install/my_package/bin'
[1.370s] Level 1:colcon.colcon_core.environment:create_environment_scripts_only(my_package)
[1.372s] INFO:colcon.colcon_core.shell:Creating package script '/home/casper/ros2/my_package/install/my_package/share/my_package/package.ps1'
[1.373s] INFO:colcon.colcon_core.shell:Creating package descriptor '/home/casper/ros2/my_package/install/my_package/share/my_package/package.dsv'
[1.373s] INFO:colcon.colcon_core.shell:Creating package script '/home/casper/ros2/my_package/install/my_package/share/my_package/package.sh'
[1.374s] INFO:colcon.colcon_core.shell:Creating package script '/home/casper/ros2/my_package/install/my_package/share/my_package/package.bash'
[1.375s] INFO:colcon.colcon_core.shell:Creating package script '/home/casper/ros2/my_package/install/my_package/share/my_package/package.zsh'
[1.375s] Level 1:colcon.colcon_core.environment:create_file_with_runtime_dependencies(/home/casper/ros2/my_package/install/my_package/share/colcon-core/packages/my_package)
[1.376s] DEBUG:colcon.colcon_parallel_executor.executor.parallel:closing loop
[1.377s] DEBUG:colcon.colcon_parallel_executor.executor.parallel:loop closed
[1.377s] DEBUG:colcon.colcon_parallel_executor.executor.parallel:run_until_complete finished with '0'
[1.377s] DEBUG:colcon.colcon_core.event_reactor:joining thread
[1.495s] INFO:colcon.colcon_core.plugin_system:Skipping extension 'colcon_notification.desktop_notification.notify_send': Could not find 'notify-send'
[1.495s] INFO:colcon.colcon_core.plugin_system:Skipping extension 'colcon_notification.desktop_notification.terminal_notifier': Not used on non-Darwin systems
[1.495s] INFO:colcon.colcon_core.plugin_system:Skipping extension 'colcon_notification.desktop_notification.win32': Not used on non-Windows systems
[1.495s] INFO:colcon.colcon_notification.desktop_notification:Sending desktop notification using 'notify2'
[1.497s] DEBUG:colcon.colcon_notification.desktop_notification.notify2:Failed to initialize notify2: org.freedesktop.DBus.Error.ServiceUnknown: The name org.freedesktop.Notifications was not provided by any .service files
[1.498s] DEBUG:colcon.colcon_core.event_reactor:joined thread
[1.499s] INFO:colcon.colcon_core.shell:Creating prefix script '/home/casper/ros2/my_package/install/local_setup.ps1'
[1.500s] INFO:colcon.colcon_core.shell:Creating prefix util module '/home/casper/ros2/my_package/install/_local_setup_util_ps1.py'
[1.501s] INFO:colcon.colcon_core.shell:Creating prefix chain script '/home/casper/ros2/my_package/install/setup.ps1'
[1.502s] INFO:colcon.colcon_core.shell:Creating prefix script '/home/casper/ros2/my_package/install/local_setup.sh'
[1.503s] INFO:colcon.colcon_core.shell:Creating prefix util module '/home/casper/ros2/my_package/install/_local_setup_util_sh.py'
[1.503s] INFO:colcon.colcon_core.shell:Creating prefix chain script '/home/casper/ros2/my_package/install/setup.sh'
[1.505s] INFO:colcon.colcon_core.shell:Creating prefix script '/home/casper/ros2/my_package/install/local_setup.bash'
[1.505s] INFO:colcon.colcon_core.shell:Creating prefix chain script '/home/casper/ros2/my_package/install/setup.bash'
[1.506s] INFO:colcon.colcon_core.shell:Creating prefix script '/home/casper/ros2/my_package/install/local_setup.zsh'
[1.507s] INFO:colcon.colcon_core.shell:Creating prefix chain script '/home/casper/ros2/my_package/install/setup.zsh'
