[0.877s] Invoking command in '/home/casper/ros2/my_package': PYTHONPATH=/home/casper/ros2/my_package/build/my_package/prefix_override:/home/casper/ros2/my_package/install/my_package/lib/python3.10/site-packages:${PYTHONPATH} /usr/bin/python3 setup.py egg_info --egg-base build/my_package build --build-base /home/casper/ros2/my_package/build/my_package/build install --record /home/casper/ros2/my_package/build/my_package/install.log --single-version-externally-managed
[1.181s] running egg_info
[1.181s] writing build/my_package/my_package.egg-info/PKG-INFO
[1.182s] writing dependency_links to build/my_package/my_package.egg-info/dependency_links.txt
[1.182s] writing entry points to build/my_package/my_package.egg-info/entry_points.txt
[1.183s] writing requirements to build/my_package/my_package.egg-info/requires.txt
[1.183s] writing top-level names to build/my_package/my_package.egg-info/top_level.txt
[1.185s] reading manifest file 'build/my_package/my_package.egg-info/SOURCES.txt'
[1.187s] writing manifest file 'build/my_package/my_package.egg-info/SOURCES.txt'
[1.187s] running build
[1.188s] running build_py
[1.188s] running install
[1.188s] /usr/lib/python3/dist-packages/setuptools/command/install.py:34: SetuptoolsDeprecationWarning: setup.py install is deprecated. Use build and pip and other standards-based tools.
[1.189s]   warnings.warn(
[1.190s] running install_lib
[1.192s] running install_data
[1.194s] copying launch/robot_launch.py -> /home/casper/ros2/my_package/install/my_package/share/my_package/launch
[1.194s] running install_egg_info
[1.196s] removing '/home/casper/ros2/my_package/install/my_package/lib/python3.10/site-packages/my_package-0.0.0-py3.10.egg-info' (and everything under it)
[1.198s] Copying build/my_package/my_package.egg-info to /home/casper/ros2/my_package/install/my_package/lib/python3.10/site-packages/my_package-0.0.0-py3.10.egg-info
[1.199s] running install_scripts
[1.226s] Installing my_robot_driver script to /home/casper/ros2/my_package/install/my_package/lib/my_package
[1.226s] Installing obstacle_avoider script to /home/casper/ros2/my_package/install/my_package/lib/my_package
[1.227s] writing list of installed files to '/home/casper/ros2/my_package/build/my_package/install.log'
[1.286s] Invoked command in '/home/casper/ros2/my_package' returned '0': PYTHONPATH=/home/casper/ros2/my_package/build/my_package/prefix_override:/home/casper/ros2/my_package/install/my_package/lib/python3.10/site-packages:${PYTHONPATH} /usr/bin/python3 setup.py egg_info --egg-base build/my_package build --build-base /home/casper/ros2/my_package/build/my_package/build install --record /home/casper/ros2/my_package/build/my_package/install.log --single-version-externally-managed
