[0.611s] Invoking command in '/home/casper/ros2/my_package': PYTHONPATH=/home/casper/ros2/my_package/build/my_package/prefix_override:/home/casper/ros2/my_package/install/my_package/lib/python3.10/site-packages:${PYTHONPATH} /usr/bin/python3 setup.py egg_info --egg-base build/my_package build --build-base /home/casper/ros2/my_package/build/my_package/build install --record /home/casper/ros2/my_package/build/my_package/install.log --single-version-externally-managed
[0.825s] running egg_info
[0.826s] writing build/my_package/my_package.egg-info/PKG-INFO
[0.826s] writing dependency_links to build/my_package/my_package.egg-info/dependency_links.txt
[0.826s] writing entry points to build/my_package/my_package.egg-info/entry_points.txt
[0.827s] writing requirements to build/my_package/my_package.egg-info/requires.txt
[0.827s] writing top-level names to build/my_package/my_package.egg-info/top_level.txt
[0.829s] reading manifest file 'build/my_package/my_package.egg-info/SOURCES.txt'
[0.831s] writing manifest file 'build/my_package/my_package.egg-info/SOURCES.txt'
[0.831s] running build
[0.831s] running build_py
[0.831s] copying my_package/obstacle_avoider.py -> /home/casper/ros2/my_package/build/my_package/build/lib/my_package
[0.831s] running install
[0.831s] /usr/lib/python3/dist-packages/setuptools/command/install.py:34: SetuptoolsDeprecationWarning: setup.py install is deprecated. Use build and pip and other standards-based tools.
[0.832s]   warnings.warn(
[0.832s] running install_lib
[0.833s] copying /home/casper/ros2/my_package/build/my_package/build/lib/my_package/obstacle_avoider.py -> /home/casper/ros2/my_package/install/my_package/lib/python3.10/site-packages/my_package
[0.834s] byte-compiling /home/casper/ros2/my_package/install/my_package/lib/python3.10/site-packages/my_package/obstacle_avoider.py to obstacle_avoider.cpython-310.pyc
[0.835s] running install_data
[0.836s] copying launch/robot_launch.py -> /home/casper/ros2/my_package/install/my_package/share/my_package/launch
[0.837s] copying resource/my_robot.urdf -> /home/casper/ros2/my_package/install/my_package/share/my_package/resource
[0.837s] running install_egg_info
[0.840s] removing '/home/casper/ros2/my_package/install/my_package/lib/python3.10/site-packages/my_package-0.0.0-py3.10.egg-info' (and everything under it)
[0.840s] Copying build/my_package/my_package.egg-info to /home/casper/ros2/my_package/install/my_package/lib/python3.10/site-packages/my_package-0.0.0-py3.10.egg-info
[0.841s] running install_scripts
[0.865s] Installing my_robot_driver script to /home/casper/ros2/my_package/install/my_package/lib/my_package
[0.866s] Installing obstacle_avoider script to /home/casper/ros2/my_package/install/my_package/lib/my_package
[0.866s] writing list of installed files to '/home/casper/ros2/my_package/build/my_package/install.log'
[0.898s] Invoked command in '/home/casper/ros2/my_package' returned '0': PYTHONPATH=/home/casper/ros2/my_package/build/my_package/prefix_override:/home/casper/ros2/my_package/install/my_package/lib/python3.10/site-packages:${PYTHONPATH} /usr/bin/python3 setup.py egg_info --egg-base build/my_package build --build-base /home/casper/ros2/my_package/build/my_package/build install --record /home/casper/ros2/my_package/build/my_package/install.log --single-version-externally-managed
