[1.333s] Invoking command in '/home/casper/ros2/my_package': PYTHONPATH=/home/casper/ros2/my_package/build/my_package/prefix_override:/home/casper/ros2/my_package/install/my_package/lib/python3.10/site-packages:${PYTHONPATH} WSLENV=ELECTRON_RUN_AS_NODE/w:WT_SESSION::WT_PROFILE_ID /usr/bin/python3 setup.py egg_info --egg-base build/my_package build --build-base /home/casper/ros2/my_package/build/my_package/build install --record /home/casper/ros2/my_package/build/my_package/install.log --single-version-externally-managed
[1.679s] running egg_info
[1.681s] writing build/my_package/my_package.egg-info/PKG-INFO
[1.681s] writing dependency_links to build/my_package/my_package.egg-info/dependency_links.txt
[1.681s] writing entry points to build/my_package/my_package.egg-info/entry_points.txt
[1.682s] writing requirements to build/my_package/my_package.egg-info/requires.txt
[1.682s] writing top-level names to build/my_package/my_package.egg-info/top_level.txt
[1.689s] reading manifest file 'build/my_package/my_package.egg-info/SOURCES.txt'
[1.691s] writing manifest file 'build/my_package/my_package.egg-info/SOURCES.txt'
[1.691s] running build
[1.691s] running build_py
[1.692s] running install
[1.692s] /usr/lib/python3/dist-packages/setuptools/command/install.py:34: SetuptoolsDeprecationWarning: setup.py install is deprecated. Use build and pip and other standards-based tools.
[1.692s]   warnings.warn(
[1.692s] running install_lib
[1.695s] running install_data
[1.696s] copying launch/crazy_launch.py -> /home/casper/ros2/my_package/install/my_package/share/my_package/launch
[1.696s] running install_egg_info
[1.700s] removing '/home/casper/ros2/my_package/install/my_package/lib/python3.10/site-packages/my_package-0.0.0-py3.10.egg-info' (and everything under it)
[1.701s] Copying build/my_package/my_package.egg-info to /home/casper/ros2/my_package/install/my_package/lib/python3.10/site-packages/my_package-0.0.0-py3.10.egg-info
[1.704s] running install_scripts
[1.759s] Installing my_crazy_driver script to /home/casper/ros2/my_package/install/my_package/lib/my_package
[1.759s] Installing my_robot_driver script to /home/casper/ros2/my_package/install/my_package/lib/my_package
[1.759s] Installing obstacle_avoider script to /home/casper/ros2/my_package/install/my_package/lib/my_package
[1.760s] writing list of installed files to '/home/casper/ros2/my_package/build/my_package/install.log'
[1.806s] Invoked command in '/home/casper/ros2/my_package' returned '0': PYTHONPATH=/home/casper/ros2/my_package/build/my_package/prefix_override:/home/casper/ros2/my_package/install/my_package/lib/python3.10/site-packages:${PYTHONPATH} WSLENV=ELECTRON_RUN_AS_NODE/w:WT_SESSION::WT_PROFILE_ID /usr/bin/python3 setup.py egg_info --egg-base build/my_package build --build-base /home/casper/ros2/my_package/build/my_package/build install --record /home/casper/ros2/my_package/build/my_package/install.log --single-version-externally-managed
