[2.328s] Invoking command in '/home/casper/ros2/my_package': PYTHONPATH=/home/casper/ros2/my_package/build/my_package/prefix_override:/home/casper/ros2/my_package/install/my_package/lib/python3.10/site-packages:${PYTHONPATH} WSLENV=ELECTRON_RUN_AS_NODE/w:WT_SESSION::WT_PROFILE_ID /usr/bin/python3 setup.py egg_info --egg-base build/my_package build --build-base /home/casper/ros2/my_package/build/my_package/build install --record /home/casper/ros2/my_package/build/my_package/install.log --single-version-externally-managed
[3.094s] running egg_info
[3.102s] writing build/my_package/my_package.egg-info/PKG-INFO
[3.107s] writing dependency_links to build/my_package/my_package.egg-info/dependency_links.txt
[3.112s] writing entry points to build/my_package/my_package.egg-info/entry_points.txt
[3.117s] writing requirements to build/my_package/my_package.egg-info/requires.txt
[3.120s] writing top-level names to build/my_package/my_package.egg-info/top_level.txt
[3.140s] reading manifest file 'build/my_package/my_package.egg-info/SOURCES.txt'
[3.161s] writing manifest file 'build/my_package/my_package.egg-info/SOURCES.txt'
[3.163s] running build
[3.164s] running build_py
[3.175s] running install
[3.177s] /usr/lib/python3/dist-packages/setuptools/command/install.py:34: SetuptoolsDeprecationWarning: setup.py install is deprecated. Use build and pip and other standards-based tools.
[3.177s]   warnings.warn(
[3.177s] running install_lib
[3.181s] running install_data
[3.185s] running install_egg_info
[3.195s] removing '/home/casper/ros2/my_package/install/my_package/lib/python3.10/site-packages/my_package-0.0.0-py3.10.egg-info' (and everything under it)
[3.196s] Copying build/my_package/my_package.egg-info to /home/casper/ros2/my_package/install/my_package/lib/python3.10/site-packages/my_package-0.0.0-py3.10.egg-info
[3.217s] running install_scripts
[3.321s] Installing my_crazy_driver script to /home/casper/ros2/my_package/install/my_package/lib/my_package
[3.322s] Installing my_robot_driver script to /home/casper/ros2/my_package/install/my_package/lib/my_package
[3.322s] Installing obstacle_avoider script to /home/casper/ros2/my_package/install/my_package/lib/my_package
[3.324s] writing list of installed files to '/home/casper/ros2/my_package/build/my_package/install.log'
[3.505s] Invoked command in '/home/casper/ros2/my_package' returned '0': PYTHONPATH=/home/casper/ros2/my_package/build/my_package/prefix_override:/home/casper/ros2/my_package/install/my_package/lib/python3.10/site-packages:${PYTHONPATH} WSLENV=ELECTRON_RUN_AS_NODE/w:WT_SESSION::WT_PROFILE_ID /usr/bin/python3 setup.py egg_info --egg-base build/my_package build --build-base /home/casper/ros2/my_package/build/my_package/build install --record /home/casper/ros2/my_package/build/my_package/install.log --single-version-externally-managed
