[1.894s] Invoking command in '/home/casper/ros2/my_package': PYTHONPATH=/home/casper/ros2/my_package/build/my_package/prefix_override:/home/casper/ros2/my_package/install/my_package/lib/python3.10/site-packages: WSLENV=ELECTRON_RUN_AS_NODE/w:WT_SESSION::WT_PROFILE_ID /usr/bin/python3 setup.py egg_info --egg-base build/my_package build --build-base /home/casper/ros2/my_package/build/my_package/build install --record /home/casper/ros2/my_package/build/my_package/install.log --single-version-externally-managed
[2.545s] running egg_info
[2.547s] writing build/my_package/my_package.egg-info/PKG-INFO
[2.547s] writing dependency_links to build/my_package/my_package.egg-info/dependency_links.txt
[2.547s] writing entry points to build/my_package/my_package.egg-info/entry_points.txt
[2.548s] writing requirements to build/my_package/my_package.egg-info/requires.txt
[2.548s] writing top-level names to build/my_package/my_package.egg-info/top_level.txt
[2.554s] reading manifest file 'build/my_package/my_package.egg-info/SOURCES.txt'
[2.561s] writing manifest file 'build/my_package/my_package.egg-info/SOURCES.txt'
[2.561s] running build
[2.561s] running build_py
[2.562s] copying my_package/my_crazy_driver.py -> /home/casper/ros2/my_package/build/my_package/build/lib/my_package
[2.562s] copying my_package/my_camera_driver.py -> /home/casper/ros2/my_package/build/my_package/build/lib/my_package
[2.564s] running install
[2.565s] /usr/lib/python3/dist-packages/setuptools/command/install.py:34: SetuptoolsDeprecationWarning: setup.py install is deprecated. Use build and pip and other standards-based tools.
[2.565s]   warnings.warn(
[2.568s] running install_lib
[2.573s] copying /home/casper/ros2/my_package/build/my_package/build/lib/my_package/my_crazy_driver.py -> /home/casper/ros2/my_package/install/my_package/lib/python3.10/site-packages/my_package
[2.575s] copying /home/casper/ros2/my_package/build/my_package/build/lib/my_package/my_camera_driver.py -> /home/casper/ros2/my_package/install/my_package/lib/python3.10/site-packages/my_package
[2.579s] byte-compiling /home/casper/ros2/my_package/install/my_package/lib/python3.10/site-packages/my_package/my_crazy_driver.py to my_crazy_driver.cpython-310.pyc
[2.581s] byte-compiling /home/casper/ros2/my_package/install/my_package/lib/python3.10/site-packages/my_package/my_camera_driver.py to my_camera_driver.cpython-310.pyc
[2.584s] running install_data
[2.592s] copying launch/crazy_launch.py -> /home/casper/ros2/my_package/install/my_package/share/my_package/launch
[2.594s] copying worlds/crazyflie_world.wbt -> /home/casper/ros2/my_package/install/my_package/share/my_package/worlds
[2.597s] copying resource/my_crazy.urdf -> /home/casper/ros2/my_package/install/my_package/share/my_package/resource
[2.597s] copying resource/my_camera.urdf -> /home/casper/ros2/my_package/install/my_package/share/my_package/resource
[2.598s] running install_egg_info
[2.602s] removing '/home/casper/ros2/my_package/install/my_package/lib/python3.10/site-packages/my_package-0.0.0-py3.10.egg-info' (and everything under it)
[2.607s] Copying build/my_package/my_package.egg-info to /home/casper/ros2/my_package/install/my_package/lib/python3.10/site-packages/my_package-0.0.0-py3.10.egg-info
[2.612s] running install_scripts
[2.702s] Installing my_robot_driver script to /home/casper/ros2/my_package/install/my_package/lib/my_package
[2.703s] Installing obstacle_avoider script to /home/casper/ros2/my_package/install/my_package/lib/my_package
[2.708s] writing list of installed files to '/home/casper/ros2/my_package/build/my_package/install.log'
[2.809s] Invoked command in '/home/casper/ros2/my_package' returned '0': PYTHONPATH=/home/casper/ros2/my_package/build/my_package/prefix_override:/home/casper/ros2/my_package/install/my_package/lib/python3.10/site-packages: WSLENV=ELECTRON_RUN_AS_NODE/w:WT_SESSION::WT_PROFILE_ID /usr/bin/python3 setup.py egg_info --egg-base build/my_package build --build-base /home/casper/ros2/my_package/build/my_package/build install --record /home/casper/ros2/my_package/build/my_package/install.log --single-version-externally-managed
