[0.666s] Invoking command in '/home/casper/ros2/my_package': PYTHONPATH=/home/casper/ros2/my_package/build/my_package/prefix_override:/home/casper/ros2/my_package/install/my_package/lib/python3.10/site-packages:${PYTHONPATH} WSLENV=ELECTRON_RUN_AS_NODE/w:WT_SESSION::WT_PROFILE_ID /usr/bin/python3 setup.py egg_info --egg-base build/my_package build --build-base /home/casper/ros2/my_package/build/my_package/build install --record /home/casper/ros2/my_package/build/my_package/install.log --single-version-externally-managed
[0.859s] running egg_info
[0.860s] writing build/my_package/my_package.egg-info/PKG-INFO
[0.861s] writing dependency_links to build/my_package/my_package.egg-info/dependency_links.txt
[0.861s] writing entry points to build/my_package/my_package.egg-info/entry_points.txt
[0.862s] writing requirements to build/my_package/my_package.egg-info/requires.txt
[0.862s] writing top-level names to build/my_package/my_package.egg-info/top_level.txt
[0.869s] reading manifest file 'build/my_package/my_package.egg-info/SOURCES.txt'
[0.870s] writing manifest file 'build/my_package/my_package.egg-info/SOURCES.txt'
[0.871s] running build
[0.871s] running build_py
[0.871s] copying my_package/my_camera_driver.py -> /home/casper/ros2/my_package/build/my_package/build/lib/my_package
[0.872s] running install
[0.872s] /usr/lib/python3/dist-packages/setuptools/command/install.py:34: SetuptoolsDeprecationWarning: setup.py install is deprecated. Use build and pip and other standards-based tools.
[0.872s]   warnings.warn(
[0.872s] running install_lib
[0.873s] copying /home/casper/ros2/my_package/build/my_package/build/lib/my_package/my_camera_driver.py -> /home/casper/ros2/my_package/install/my_package/lib/python3.10/site-packages/my_package
[0.874s] byte-compiling /home/casper/ros2/my_package/install/my_package/lib/python3.10/site-packages/my_package/my_camera_driver.py to my_camera_driver.cpython-310.pyc
[0.875s] running install_data
[0.876s] running install_egg_info
[0.877s] removing '/home/casper/ros2/my_package/install/my_package/lib/python3.10/site-packages/my_package-0.0.0-py3.10.egg-info' (and everything under it)
[0.879s] Copying build/my_package/my_package.egg-info to /home/casper/ros2/my_package/install/my_package/lib/python3.10/site-packages/my_package-0.0.0-py3.10.egg-info
[0.881s] running install_scripts
[0.901s] Installing my_crazy_driver script to /home/casper/ros2/my_package/install/my_package/lib/my_package
[0.901s] Installing my_robot_driver script to /home/casper/ros2/my_package/install/my_package/lib/my_package
[0.901s] Installing obstacle_avoider script to /home/casper/ros2/my_package/install/my_package/lib/my_package
[0.902s] writing list of installed files to '/home/casper/ros2/my_package/build/my_package/install.log'
[0.936s] Invoked command in '/home/casper/ros2/my_package' returned '0': PYTHONPATH=/home/casper/ros2/my_package/build/my_package/prefix_override:/home/casper/ros2/my_package/install/my_package/lib/python3.10/site-packages:${PYTHONPATH} WSLENV=ELECTRON_RUN_AS_NODE/w:WT_SESSION::WT_PROFILE_ID /usr/bin/python3 setup.py egg_info --egg-base build/my_package build --build-base /home/casper/ros2/my_package/build/my_package/build install --record /home/casper/ros2/my_package/build/my_package/install.log --single-version-externally-managed
