/home/casper/ros2/my_package/install/my_package/lib/python3.10/site-packages/my_package/my_crazy_driver.py
/home/casper/ros2/my_package/install/my_package/lib/python3.10/site-packages/my_package/my_camera_driver.py
/home/casper/ros2/my_package/install/my_package/lib/python3.10/site-packages/my_package/__init__.py
/home/casper/ros2/my_package/install/my_package/lib/python3.10/site-packages/my_package/my_robot_driver.py
/home/casper/ros2/my_package/install/my_package/lib/python3.10/site-packages/my_package/obstacle_avoider.py
/home/casper/ros2/my_package/install/my_package/lib/python3.10/site-packages/my_package/__pycache__/my_crazy_driver.cpython-310.pyc
/home/casper/ros2/my_package/install/my_package/lib/python3.10/site-packages/my_package/__pycache__/my_camera_driver.cpython-310.pyc
/home/casper/ros2/my_package/install/my_package/lib/python3.10/site-packages/my_package/__pycache__/__init__.cpython-310.pyc
/home/casper/ros2/my_package/install/my_package/lib/python3.10/site-packages/my_package/__pycache__/my_robot_driver.cpython-310.pyc
/home/casper/ros2/my_package/install/my_package/lib/python3.10/site-packages/my_package/__pycache__/obstacle_avoider.cpython-310.pyc
/home/casper/ros2/my_package/install/my_package/share/ament_index/resource_index/packages/my_package
/home/casper/ros2/my_package/install/my_package/share/my_package/launch/robot_launch.py
/home/casper/ros2/my_package/install/my_package/share/my_package/launch/crazy_launch.py
/home/casper/ros2/my_package/install/my_package/share/my_package/worlds/my_world.wbt
/home/casper/ros2/my_package/install/my_package/share/my_package/worlds/crazyflie_world.wbt
/home/casper/ros2/my_package/install/my_package/share/my_package/resource/my_robot.urdf
/home/casper/ros2/my_package/install/my_package/share/my_package/resource/my_crazy.urdf
/home/casper/ros2/my_package/install/my_package/share/my_package/resource/my_camera.urdf
/home/casper/ros2/my_package/install/my_package/share/my_package/package.xml
/home/casper/ros2/my_package/install/my_package/lib/python3.10/site-packages/my_package-0.0.0-py3.10.egg-info/entry_points.txt
/home/casper/ros2/my_package/install/my_package/lib/python3.10/site-packages/my_package-0.0.0-py3.10.egg-info/PKG-INFO
/home/casper/ros2/my_package/install/my_package/lib/python3.10/site-packages/my_package-0.0.0-py3.10.egg-info/zip-safe
/home/casper/ros2/my_package/install/my_package/lib/python3.10/site-packages/my_package-0.0.0-py3.10.egg-info/SOURCES.txt
/home/casper/ros2/my_package/install/my_package/lib/python3.10/site-packages/my_package-0.0.0-py3.10.egg-info/requires.txt
/home/casper/ros2/my_package/install/my_package/lib/python3.10/site-packages/my_package-0.0.0-py3.10.egg-info/dependency_links.txt
/home/casper/ros2/my_package/install/my_package/lib/python3.10/site-packages/my_package-0.0.0-py3.10.egg-info/top_level.txt
/home/casper/ros2/my_package/install/my_package/lib/my_package/my_crazy_driver
/home/casper/ros2/my_package/install/my_package/lib/my_package/my_robot_driver
/home/casper/ros2/my_package/install/my_package/lib/my_package/obstacle_avoider
