[0.859s] Invoking command in '/home/casper/ros2/my_package': PYTHONPATH=/home/casper/ros2/my_package/build/my_package/prefix_override:/home/casper/ros2/my_package/install/my_package/lib/python3.10/site-packages:${PYTHONPATH} WSLENV=ELECTRON_RUN_AS_NODE/w:WT_SESSION::WT_PROFILE_ID /usr/bin/python3 setup.py egg_info --egg-base build/my_package build --build-base /home/casper/ros2/my_package/build/my_package/build install --record /home/casper/ros2/my_package/build/my_package/install.log --single-version-externally-managed
[1.086s] running egg_info
[1.087s] writing build/my_package/my_package.egg-info/PKG-INFO
[1.088s] writing dependency_links to build/my_package/my_package.egg-info/dependency_links.txt
[1.088s] writing entry points to build/my_package/my_package.egg-info/entry_points.txt
[1.088s] writing requirements to build/my_package/my_package.egg-info/requires.txt
[1.088s] writing top-level names to build/my_package/my_package.egg-info/top_level.txt
[1.091s] reading manifest file 'build/my_package/my_package.egg-info/SOURCES.txt'
[1.092s] writing manifest file 'build/my_package/my_package.egg-info/SOURCES.txt'
[1.092s] running build
[1.092s] running build_py
[1.092s] running install
[1.093s] /usr/lib/python3/dist-packages/setuptools/command/install.py:34: SetuptoolsDeprecationWarning: setup.py install is deprecated. Use build and pip and other standards-based tools.
[1.093s]   warnings.warn(
[1.093s] running install_lib
[1.094s] running install_data
[1.095s] copying launch/crazy_launch.py -> /home/casper/ros2/my_package/install/my_package/share/my_package/launch
[1.095s] copying worlds/crazyflie_world.wbt -> /home/casper/ros2/my_package/install/my_package/share/my_package/worlds
[1.096s] copying resource/my_camera.urdf -> /home/casper/ros2/my_package/install/my_package/share/my_package/resource
[1.097s] running install_egg_info
[1.100s] removing '/home/casper/ros2/my_package/install/my_package/lib/python3.10/site-packages/my_package-0.0.0-py3.10.egg-info' (and everything under it)
[1.101s] Copying build/my_package/my_package.egg-info to /home/casper/ros2/my_package/install/my_package/lib/python3.10/site-packages/my_package-0.0.0-py3.10.egg-info
[1.102s] running install_scripts
[1.141s] Installing my_crazy_driver script to /home/casper/ros2/my_package/install/my_package/lib/my_package
[1.141s] Installing my_robot_driver script to /home/casper/ros2/my_package/install/my_package/lib/my_package
[1.142s] Installing obstacle_avoider script to /home/casper/ros2/my_package/install/my_package/lib/my_package
[1.142s] writing list of installed files to '/home/casper/ros2/my_package/build/my_package/install.log'
[1.174s] Invoked command in '/home/casper/ros2/my_package' returned '0': PYTHONPATH=/home/casper/ros2/my_package/build/my_package/prefix_override:/home/casper/ros2/my_package/install/my_package/lib/python3.10/site-packages:${PYTHONPATH} WSLENV=ELECTRON_RUN_AS_NODE/w:WT_SESSION::WT_PROFILE_ID /usr/bin/python3 setup.py egg_info --egg-base build/my_package build --build-base /home/casper/ros2/my_package/build/my_package/build install --record /home/casper/ros2/my_package/build/my_package/install.log --single-version-externally-managed
